12:55:38.310 [main] INFO  TestCases.TC_001_AccountRegistrationTest - Starting TC_001_AccountRegistrationTest
12:55:38.438 [main] INFO  TestCases.TC_001_AccountRegistrationTest - clicked on myaccount link
12:55:41.074 [main] INFO  TestCases.TC_001_AccountRegistrationTest - clicked on register link
12:55:41.076 [main] INFO  TestCases.TC_001_AccountRegistrationTest - providing customer data
12:55:41.696 [main] INFO  TestCases.TC_001_AccountRegistrationTest - clicked on continue
12:55:44.328 [main] INFO  TestCases.TC_001_AccountRegistrationTest - validating expected message
12:55:44.330 [main] INFO  TestCases.TC_001_AccountRegistrationTest - finished TC_001_AccountRegistrationTest
12:58:24.056 [main] INFO  TestCases.TC_001_AccountRegistrationTest - Starting TC_001_AccountRegistrationTest
12:58:24.280 [main] INFO  TestCases.TC_001_AccountRegistrationTest - clicked on myaccount link
12:58:26.295 [main] INFO  TestCases.TC_001_AccountRegistrationTest - clicked on register link
12:58:26.334 [main] INFO  TestCases.TC_001_AccountRegistrationTest - providing customer data
12:58:27.118 [main] INFO  TestCases.TC_001_AccountRegistrationTest - clicked on continue
12:58:28.918 [main] INFO  TestCases.TC_001_AccountRegistrationTest - validating expected message
12:58:28.922 [main] INFO  TestCases.TC_001_AccountRegistrationTest - finished TC_001_AccountRegistrationTest
12:59:21.489 [main] DEBUG io.netty.util.internal.logging.InternalLoggerFactory - Using Log4J2 as the default logging framework
12:59:21.506 [main] DEBUG io.netty.util.ResourceLeakDetector - -Dio.netty.leakDetection.level: simple
12:59:21.506 [main] DEBUG io.netty.util.ResourceLeakDetector - -Dio.netty.leakDetection.targetRecords: 4
12:59:21.515 [main] DEBUG io.netty.util.ResourceLeakDetectorFactory - Loaded default ResourceLeakDetector: io.netty.util.ResourceLeakDetector@34dc85a
12:59:21.541 [main] DEBUG io.netty.util.internal.PlatformDependent0 - -Dio.netty.noUnsafe: false
12:59:21.541 [main] DEBUG io.netty.util.internal.PlatformDependent0 - Java version: 17
12:59:21.542 [main] DEBUG io.netty.util.internal.PlatformDependent0 - sun.misc.Unsafe.theUnsafe: available
12:59:21.543 [main] DEBUG io.netty.util.internal.PlatformDependent0 - sun.misc.Unsafe.copyMemory: available
12:59:21.544 [main] DEBUG io.netty.util.internal.PlatformDependent0 - sun.misc.Unsafe.storeFence: available
12:59:21.545 [main] DEBUG io.netty.util.internal.PlatformDependent0 - java.nio.Buffer.address: available
12:59:21.546 [main] DEBUG io.netty.util.internal.PlatformDependent0 - direct buffer constructor: unavailable: Reflective setAccessible(true) disabled
12:59:21.546 [main] DEBUG io.netty.util.internal.PlatformDependent0 - java.nio.Bits.unaligned: available, true
12:59:21.548 [main] DEBUG io.netty.util.internal.PlatformDependent0 - jdk.internal.misc.Unsafe.allocateUninitializedArray(int): unavailable: class io.netty.util.internal.PlatformDependent0$7 cannot access class jdk.internal.misc.Unsafe (in module java.base) because module java.base does not export jdk.internal.misc to unnamed module @6477463f
12:59:21.550 [main] DEBUG io.netty.util.internal.PlatformDependent0 - java.nio.DirectByteBuffer.<init>(long, int): unavailable
12:59:21.550 [main] DEBUG io.netty.util.internal.PlatformDependent - sun.misc.Unsafe: available
12:59:21.552 [main] DEBUG io.netty.util.internal.PlatformDependent - maxDirectMemory: 2139095040 bytes (maybe)
12:59:21.553 [main] DEBUG io.netty.util.internal.PlatformDependent - -Dio.netty.tmpdir: C:\Users\vitta\AppData\Local\Temp (java.io.tmpdir)
12:59:21.553 [main] DEBUG io.netty.util.internal.PlatformDependent - -Dio.netty.bitMode: 64 (sun.arch.data.model)
12:59:21.554 [main] DEBUG io.netty.util.internal.PlatformDependent - Platform: Windows
12:59:21.555 [main] DEBUG io.netty.util.internal.PlatformDependent - -Dio.netty.maxDirectMemory: -1 bytes
12:59:21.556 [main] DEBUG io.netty.util.internal.PlatformDependent - -Dio.netty.uninitializedArrayAllocationThreshold: -1
12:59:21.557 [main] DEBUG io.netty.util.internal.CleanerJava9 - java.nio.ByteBuffer.cleaner(): available
12:59:21.558 [main] DEBUG io.netty.util.internal.PlatformDependent - -Dio.netty.noPreferDirect: false
12:59:21.570 [main] DEBUG io.netty.util.internal.PlatformDependent - org.jctools-core.MpscChunkedArrayQueue: available
12:59:21.610 [main] DEBUG io.netty.util.internal.InternalThreadLocalMap - -Dio.netty.threadLocalMap.stringBuilder.initialSize: 1024
12:59:21.610 [main] DEBUG io.netty.util.internal.InternalThreadLocalMap - -Dio.netty.threadLocalMap.stringBuilder.maxSize: 4096
12:59:21.669 [main] DEBUG io.netty.handler.ssl.JdkSslContext - Default protocols (JDK): [TLSv1.3, TLSv1.2] 
12:59:21.669 [main] DEBUG io.netty.handler.ssl.JdkSslContext - Default cipher suites (JDK): [TLS_ECDHE_ECDSA_WITH_AES_256_GCM_SHA384, TLS_ECDHE_ECDSA_WITH_AES_128_GCM_SHA256, TLS_ECDHE_RSA_WITH_AES_128_GCM_SHA256, TLS_ECDHE_RSA_WITH_AES_256_GCM_SHA384, TLS_ECDHE_RSA_WITH_AES_128_CBC_SHA, TLS_ECDHE_RSA_WITH_AES_256_CBC_SHA, TLS_RSA_WITH_AES_128_GCM_SHA256, TLS_RSA_WITH_AES_128_CBC_SHA, TLS_RSA_WITH_AES_256_CBC_SHA, TLS_AES_128_GCM_SHA256, TLS_AES_256_GCM_SHA384]
12:59:21.686 [main] DEBUG io.netty.util.concurrent.GlobalEventExecutor - -Dio.netty.globalEventExecutor.quietPeriodSeconds: 1
12:59:21.704 [main] DEBUG io.netty.channel.MultithreadEventLoopGroup - -Dio.netty.eventLoopThreads: 16
12:59:21.716 [main] DEBUG io.netty.channel.nio.NioEventLoop - -Dio.netty.noKeySetOptimization: false
12:59:21.716 [main] DEBUG io.netty.channel.nio.NioEventLoop - -Dio.netty.selectorAutoRebuildThreshold: 512
12:59:21.776 [main] DEBUG io.netty.buffer.PooledByteBufAllocator - -Dio.netty.allocator.numHeapArenas: 16
12:59:21.777 [main] DEBUG io.netty.buffer.PooledByteBufAllocator - -Dio.netty.allocator.numDirectArenas: 16
12:59:21.777 [main] DEBUG io.netty.buffer.PooledByteBufAllocator - -Dio.netty.allocator.pageSize: 8192
12:59:21.777 [main] DEBUG io.netty.buffer.PooledByteBufAllocator - -Dio.netty.allocator.maxOrder: 9
12:59:21.777 [main] DEBUG io.netty.buffer.PooledByteBufAllocator - -Dio.netty.allocator.chunkSize: 4194304
12:59:21.777 [main] DEBUG io.netty.buffer.PooledByteBufAllocator - -Dio.netty.allocator.smallCacheSize: 256
12:59:21.777 [main] DEBUG io.netty.buffer.PooledByteBufAllocator - -Dio.netty.allocator.normalCacheSize: 64
12:59:21.777 [main] DEBUG io.netty.buffer.PooledByteBufAllocator - -Dio.netty.allocator.maxCachedBufferCapacity: 32768
12:59:21.777 [main] DEBUG io.netty.buffer.PooledByteBufAllocator - -Dio.netty.allocator.cacheTrimInterval: 8192
12:59:21.777 [main] DEBUG io.netty.buffer.PooledByteBufAllocator - -Dio.netty.allocator.cacheTrimIntervalMillis: 0
12:59:21.778 [main] DEBUG io.netty.buffer.PooledByteBufAllocator - -Dio.netty.allocator.useCacheForAllThreads: false
12:59:21.778 [main] DEBUG io.netty.buffer.PooledByteBufAllocator - -Dio.netty.allocator.maxCachedByteBuffersPerChunk: 1023
12:59:21.793 [main] DEBUG io.netty.buffer.ByteBufUtil - -Dio.netty.allocator.type: pooled
12:59:21.793 [main] DEBUG io.netty.buffer.ByteBufUtil - -Dio.netty.threadLocalDirectBufferSize: 0
12:59:21.794 [main] DEBUG io.netty.buffer.ByteBufUtil - -Dio.netty.maxThreadLocalCharBufferSize: 16384
12:59:22.173 [Forwarding newSession on session null to remote] DEBUG io.netty.channel.DefaultChannelId - -Dio.netty.processId: 15684 (auto-detected)
12:59:22.175 [Forwarding newSession on session null to remote] DEBUG io.netty.util.NetUtil - -Djava.net.preferIPv4Stack: false
12:59:22.176 [Forwarding newSession on session null to remote] DEBUG io.netty.util.NetUtil - -Djava.net.preferIPv6Addresses: false
12:59:22.188 [Forwarding newSession on session null to remote] DEBUG io.netty.util.NetUtilInitializations - Loopback interface: lo (Software Loopback Interface 1, 127.0.0.1)
12:59:22.189 [Forwarding newSession on session null to remote] DEBUG io.netty.util.NetUtil - Failed to get SOMAXCONN from sysctl and file \proc\sys\net\core\somaxconn. Default: 200
12:59:22.204 [Forwarding newSession on session null to remote] DEBUG io.netty.channel.DefaultChannelId - -Dio.netty.machineId: e0:d5:5e:ff:fe:41:16:f9 (auto-detected)
12:59:22.269 [AsyncHttpClient-1-2] DEBUG io.netty.buffer.AbstractByteBuf - -Dio.netty.buffer.checkAccessible: true
12:59:22.269 [AsyncHttpClient-1-2] DEBUG io.netty.buffer.AbstractByteBuf - -Dio.netty.buffer.checkBounds: true
12:59:22.269 [AsyncHttpClient-1-2] DEBUG io.netty.util.ResourceLeakDetectorFactory - Loaded default ResourceLeakDetector: io.netty.util.ResourceLeakDetector@729258f4
12:59:22.316 [AsyncHttpClient-1-2] DEBUG io.netty.util.Recycler - -Dio.netty.recycler.maxCapacityPerThread: 4096
12:59:22.316 [AsyncHttpClient-1-2] DEBUG io.netty.util.Recycler - -Dio.netty.recycler.ratio: 8
12:59:22.316 [AsyncHttpClient-1-2] DEBUG io.netty.util.Recycler - -Dio.netty.recycler.chunkSize: 32
12:59:22.316 [AsyncHttpClient-1-2] DEBUG io.netty.util.Recycler - -Dio.netty.recycler.blocking: false
12:59:22.316 [AsyncHttpClient-1-2] DEBUG io.netty.util.Recycler - -Dio.netty.recycler.batchFastThreadLocalOnly: true
12:59:23.512 [AsyncHttpClient-1-2] DEBUG io.netty.handler.codec.compression.Brotli - brotli4j not in the classpath; Brotli support will be unavailable.
12:59:23.753 [main] DEBUG io.netty.util.internal.ThreadLocalRandom - -Dio.netty.initialSeedUniquifier: 0xf4667282fef2bd87
12:59:28.817 [main] DEBUG TestCases.TC_001_AccountRegistrationTest - application logs....
12:59:28.817 [main] INFO  TestCases.TC_001_AccountRegistrationTest - Starting TC_001_AccountRegistrationTest
12:59:29.008 [main] INFO  TestCases.TC_001_AccountRegistrationTest - clicked on myaccount link
12:59:30.714 [main] INFO  TestCases.TC_001_AccountRegistrationTest - clicked on register link
12:59:30.749 [main] INFO  TestCases.TC_001_AccountRegistrationTest - providing customer data
12:59:31.391 [main] INFO  TestCases.TC_001_AccountRegistrationTest - clicked on continue
12:59:32.706 [main] INFO  TestCases.TC_001_AccountRegistrationTest - validating expected message
12:59:32.709 [main] INFO  TestCases.TC_001_AccountRegistrationTest - finished TC_001_AccountRegistrationTest
13:21:12.060 [main] INFO  TestCases.TC_001_AccountRegistrationTest - Starting TC_001_AccountRegistrationTest
13:21:13.124 [main] INFO  TestCases.TC_001_AccountRegistrationTest - clicked on myaccount link
13:21:14.183 [main] INFO  TestCases.TC_001_AccountRegistrationTest - clicked on register link
13:21:14.185 [main] INFO  TestCases.TC_001_AccountRegistrationTest - providing customer data
13:21:15.313 [main] INFO  TestCases.TC_001_AccountRegistrationTest - clicked on continue
13:21:16.942 [main] INFO  TestCases.TC_001_AccountRegistrationTest - validating expected message
13:21:16.989 [main] INFO  TestCases.TC_001_AccountRegistrationTest - finished TC_001_AccountRegistrationTest
13:22:10.470 [main] INFO  TestCases.TC_001_AccountRegistrationTest - Starting TC_001_AccountRegistrationTest
13:22:10.595 [main] INFO  TestCases.TC_001_AccountRegistrationTest - clicked on myaccount link
13:22:11.707 [main] INFO  TestCases.TC_001_AccountRegistrationTest - clicked on register link
13:22:11.707 [main] INFO  TestCases.TC_001_AccountRegistrationTest - providing customer data
13:22:12.208 [main] INFO  TestCases.TC_001_AccountRegistrationTest - clicked on continue
13:22:13.210 [main] INFO  TestCases.TC_001_AccountRegistrationTest - validating expected message
13:22:13.226 [main] INFO  TestCases.TC_001_AccountRegistrationTest - finished TC_001_AccountRegistrationTest
15:33:33.742 [main] INFO  TestCases.TC_001_AccountRegistrationTest - Starting TC_001_AccountRegistrationTest
15:33:33.898 [main] INFO  TestCases.TC_001_AccountRegistrationTest - clicked on myaccount link
15:33:35.481 [main] INFO  TestCases.TC_001_AccountRegistrationTest - clicked on register link
15:33:35.483 [main] INFO  TestCases.TC_001_AccountRegistrationTest - providing customer data
15:33:36.029 [main] INFO  TestCases.TC_001_AccountRegistrationTest - clicked on continue
15:33:39.472 [main] INFO  TestCases.TC_001_AccountRegistrationTest - validating expected message
15:33:39.476 [main] INFO  TestCases.TC_001_AccountRegistrationTest - finished TC_001_AccountRegistrationTest
16:01:54.257 [main] INFO  TestCases.TC_001_AccountRegistrationTest - Starting TC_001_AccountRegistrationTest
16:01:54.852 [main] INFO  TestCases.TC_001_AccountRegistrationTest - clicked on myaccount link
16:01:57.449 [main] INFO  TestCases.TC_001_AccountRegistrationTest - clicked on register link
16:01:57.486 [main] INFO  TestCases.TC_001_AccountRegistrationTest - providing customer data
16:01:58.382 [main] INFO  TestCases.TC_001_AccountRegistrationTest - clicked on continue
16:02:02.121 [main] INFO  TestCases.TC_001_AccountRegistrationTest - validating expected message
16:02:02.123 [main] INFO  TestCases.TC_001_AccountRegistrationTest - finished TC_001_AccountRegistrationTest
16:05:51.983 [main] INFO  TestCases.TC_001_AccountRegistrationTest - Starting TC_001_AccountRegistrationTest
16:05:53.053 [main] INFO  TestCases.TC_001_AccountRegistrationTest - clicked on myaccount link
16:05:54.893 [main] INFO  TestCases.TC_001_AccountRegistrationTest - clicked on register link
16:05:54.896 [main] INFO  TestCases.TC_001_AccountRegistrationTest - providing customer data
16:05:56.106 [main] INFO  TestCases.TC_001_AccountRegistrationTest - clicked on continue
16:05:57.584 [main] INFO  TestCases.TC_001_AccountRegistrationTest - validating expected message
16:05:57.586 [main] INFO  TestCases.TC_001_AccountRegistrationTest - finished TC_001_AccountRegistrationTest
16:06:06.069 [main] INFO  TestCases.TC_001_AccountRegistrationTest - Starting TC_001_AccountRegistrationTest
16:06:06.252 [main] INFO  TestCases.TC_001_AccountRegistrationTest - clicked on myaccount link
16:06:09.371 [main] INFO  TestCases.TC_001_AccountRegistrationTest - clicked on register link
16:06:09.373 [main] INFO  TestCases.TC_001_AccountRegistrationTest - providing customer data
16:06:12.173 [main] INFO  TestCases.TC_001_AccountRegistrationTest - clicked on continue
16:06:13.798 [main] INFO  TestCases.TC_001_AccountRegistrationTest - validating expected message
16:06:13.798 [main] INFO  TestCases.TC_001_AccountRegistrationTest - finished TC_001_AccountRegistrationTest
16:06:44.790 [main] INFO  TestCases.TC_001_AccountRegistrationTest - Starting TC_001_AccountRegistrationTest
16:06:47.124 [main] INFO  TestCases.TC_001_AccountRegistrationTest - clicked on myaccount link
16:06:49.953 [main] INFO  TestCases.TC_001_AccountRegistrationTest - clicked on register link
16:06:49.954 [main] INFO  TestCases.TC_001_AccountRegistrationTest - providing customer data
16:06:50.696 [main] INFO  TestCases.TC_001_AccountRegistrationTest - clicked on continue
16:06:51.758 [main] INFO  TestCases.TC_001_AccountRegistrationTest - validating expected message
16:06:51.758 [main] INFO  TestCases.TC_001_AccountRegistrationTest - finished TC_001_AccountRegistrationTest
14:31:16.761 [main] INFO  TestCases.TC_001_AccountRegistrationTest - Starting TC_001_AccountRegistrationTest
14:31:27.194 [main] ERROR TestCases.TC_001_AccountRegistrationTest - test failed
14:32:04.620 [main] INFO  TestCases.TC_001_AccountRegistrationTest - Starting TC_001_AccountRegistrationTest
14:32:05.431 [main] INFO  TestCases.TC_001_AccountRegistrationTest - clicked on myaccount link
14:32:07.136 [main] INFO  TestCases.TC_001_AccountRegistrationTest - clicked on register link
14:32:07.168 [main] INFO  TestCases.TC_001_AccountRegistrationTest - providing customer data
14:32:08.146 [main] INFO  TestCases.TC_001_AccountRegistrationTest - clicked on continue
14:32:10.069 [main] INFO  TestCases.TC_001_AccountRegistrationTest - validating expected message
14:32:10.073 [main] INFO  TestCases.TC_001_AccountRegistrationTest - finished TC_001_AccountRegistrationTest
17:48:22.448 [main] INFO  TestCases.TC_001_AccountRegistrationTest - Starting TC_001_AccountRegistrationTest
17:48:23.874 [main] INFO  TestCases.TC_001_AccountRegistrationTest - clicked on myaccount link
17:48:25.061 [main] INFO  TestCases.TC_001_AccountRegistrationTest - clicked on register link
17:48:25.063 [main] INFO  TestCases.TC_001_AccountRegistrationTest - providing customer data
17:48:26.154 [main] INFO  TestCases.TC_001_AccountRegistrationTest - clicked on continue
17:48:27.082 [main] INFO  TestCases.TC_001_AccountRegistrationTest - validating expected message
17:48:27.085 [main] INFO  TestCases.TC_001_AccountRegistrationTest - finished TC_001_AccountRegistrationTest
17:50:08.317 [main] INFO  TestCases.TC_001_AccountRegistrationTest - Starting TC_001_AccountRegistrationTest
17:50:08.454 [main] INFO  TestCases.TC_001_AccountRegistrationTest - clicked on myaccount link
17:50:09.363 [main] INFO  TestCases.TC_001_AccountRegistrationTest - clicked on register link
17:50:09.365 [main] INFO  TestCases.TC_001_AccountRegistrationTest - providing customer data
17:50:09.794 [main] INFO  TestCases.TC_001_AccountRegistrationTest - clicked on continue
17:50:19.861 [main] INFO  TestCases.TC_001_AccountRegistrationTest - validating expected message
18:14:36.906 [main] INFO  TestCases.TC_002_LoginTest - Starting TC_002_LoginTest
18:17:34.337 [main] INFO  TestCases.TC_002_LoginTest - Starting TC_002_LoginTest
18:18:28.486 [main] INFO  TestCases.TC_002_LoginTest - Starting TC_002_LoginTest
18:18:30.821 [main] INFO  TestCases.TC_002_LoginTest -  Finished TC_002_LoginTest
17:37:07.907 [main] INFO  TestCases.TC_003_LoginDataDrivenTest -  Starting TC_003_LoginDataDrivenTest 
17:37:21.460 [main] INFO  TestCases.TC_003_LoginDataDrivenTest -  Starting TC_003_LoginDataDrivenTest 
17:37:31.909 [main] INFO  TestCases.TC_003_LoginDataDrivenTest -  Starting TC_003_LoginDataDrivenTest 
17:37:42.228 [main] INFO  TestCases.TC_003_LoginDataDrivenTest -  Starting TC_003_LoginDataDrivenTest 
17:37:52.591 [main] INFO  TestCases.TC_003_LoginDataDrivenTest -  Starting TC_003_LoginDataDrivenTest 
17:41:28.634 [main] INFO  TestCases.TC_003_LoginDataDrivenTest -  Starting TC_003_LoginDataDrivenTest 
17:41:30.968 [main] INFO  TestCases.TC_003_LoginDataDrivenTest -  Finished TC_003_LoginDataDrivenTest
17:41:30.983 [main] INFO  TestCases.TC_003_LoginDataDrivenTest -  Starting TC_003_LoginDataDrivenTest 
17:41:41.726 [main] INFO  TestCases.TC_003_LoginDataDrivenTest -  Finished TC_003_LoginDataDrivenTest
17:41:41.729 [main] INFO  TestCases.TC_003_LoginDataDrivenTest -  Starting TC_003_LoginDataDrivenTest 
17:41:52.778 [main] INFO  TestCases.TC_003_LoginDataDrivenTest -  Finished TC_003_LoginDataDrivenTest
17:41:52.781 [main] INFO  TestCases.TC_003_LoginDataDrivenTest -  Starting TC_003_LoginDataDrivenTest 
17:42:03.899 [main] INFO  TestCases.TC_003_LoginDataDrivenTest -  Finished TC_003_LoginDataDrivenTest
17:42:03.901 [main] INFO  TestCases.TC_003_LoginDataDrivenTest -  Starting TC_003_LoginDataDrivenTest 
17:43:38.094 [main] INFO  TestCases.TC_003_LoginDataDrivenTest -  Starting TC_003_LoginDataDrivenTest 
17:43:40.804 [main] INFO  TestCases.TC_003_LoginDataDrivenTest -  Finished TC_003_LoginDataDrivenTest
17:43:40.817 [main] INFO  TestCases.TC_003_LoginDataDrivenTest -  Starting TC_003_LoginDataDrivenTest 
17:43:51.826 [main] INFO  TestCases.TC_003_LoginDataDrivenTest -  Finished TC_003_LoginDataDrivenTest
17:43:51.841 [main] INFO  TestCases.TC_003_LoginDataDrivenTest -  Starting TC_003_LoginDataDrivenTest 
17:44:02.607 [main] INFO  TestCases.TC_003_LoginDataDrivenTest -  Finished TC_003_LoginDataDrivenTest
17:44:02.607 [main] INFO  TestCases.TC_003_LoginDataDrivenTest -  Starting TC_003_LoginDataDrivenTest 
17:44:13.290 [main] INFO  TestCases.TC_003_LoginDataDrivenTest -  Finished TC_003_LoginDataDrivenTest
17:44:13.290 [main] INFO  TestCases.TC_003_LoginDataDrivenTest -  Starting TC_003_LoginDataDrivenTest 
17:44:14.732 [main] INFO  TestCases.TC_003_LoginDataDrivenTest -  Finished TC_003_LoginDataDrivenTest
18:02:19.082 [main] INFO  TestCases.TC_001_AccountRegistrationTest - Starting TC_001_AccountRegistrationTest
18:02:19.189 [main] INFO  TestCases.TC_001_AccountRegistrationTest - clicked on myaccount link
18:02:20.313 [main] INFO  TestCases.TC_001_AccountRegistrationTest - clicked on register link
18:02:20.314 [main] INFO  TestCases.TC_001_AccountRegistrationTest - providing customer data
18:02:20.871 [main] INFO  TestCases.TC_001_AccountRegistrationTest - clicked on continue
18:02:21.805 [main] INFO  TestCases.TC_001_AccountRegistrationTest - validating expected message
18:02:21.805 [main] INFO  TestCases.TC_001_AccountRegistrationTest - finished TC_001_AccountRegistrationTest
18:02:26.546 [main] INFO  TestCases.TC_002_LoginTest - Starting TC_002_LoginTest
18:02:28.393 [main] INFO  TestCases.TC_002_LoginTest -  Finished TC_002_LoginTest
18:04:05.833 [main] INFO  TestCases.TC_002_LoginTest - Starting TC_002_LoginTest
18:04:07.871 [main] INFO  TestCases.TC_002_LoginTest -  Finished TC_002_LoginTest
18:08:37.537 [main] INFO  TestCases.TC_001_AccountRegistrationTest - Starting TC_001_AccountRegistrationTest
18:08:37.750 [main] INFO  TestCases.TC_001_AccountRegistrationTest - clicked on myaccount link
18:08:38.608 [main] INFO  TestCases.TC_001_AccountRegistrationTest - clicked on register link
18:08:38.612 [main] INFO  TestCases.TC_001_AccountRegistrationTest - providing customer data
18:08:39.203 [main] INFO  TestCases.TC_001_AccountRegistrationTest - clicked on continue
18:08:40.378 [main] INFO  TestCases.TC_001_AccountRegistrationTest - validating expected message
18:08:46.960 [main] INFO  TestCases.TC_002_LoginTest - Starting TC_002_LoginTest
18:08:48.616 [main] INFO  TestCases.TC_002_LoginTest -  Finished TC_002_LoginTest
18:10:12.524 [main] INFO  TestCases.TC_001_AccountRegistrationTest - Starting TC_001_AccountRegistrationTest
18:10:12.697 [main] INFO  TestCases.TC_001_AccountRegistrationTest - clicked on myaccount link
18:10:13.721 [main] INFO  TestCases.TC_001_AccountRegistrationTest - clicked on register link
18:10:13.723 [main] INFO  TestCases.TC_001_AccountRegistrationTest - providing customer data
18:10:14.316 [main] INFO  TestCases.TC_001_AccountRegistrationTest - clicked on continue
18:10:15.089 [main] INFO  TestCases.TC_001_AccountRegistrationTest - validating expected message
18:10:15.093 [main] INFO  TestCases.TC_001_AccountRegistrationTest - finished TC_001_AccountRegistrationTest
18:13:24.666 [main] INFO  TestCases.TC_001_AccountRegistrationTest - Starting TC_001_AccountRegistrationTest
18:13:25.143 [main] INFO  TestCases.TC_001_AccountRegistrationTest - clicked on myaccount link
18:13:26.967 [main] INFO  TestCases.TC_001_AccountRegistrationTest - clicked on register link
18:13:26.970 [main] INFO  TestCases.TC_001_AccountRegistrationTest - providing customer data
18:13:27.922 [main] INFO  TestCases.TC_001_AccountRegistrationTest - clicked on continue
18:13:30.882 [main] INFO  TestCases.TC_001_AccountRegistrationTest - validating expected message
18:13:30.887 [main] INFO  TestCases.TC_001_AccountRegistrationTest - finished TC_001_AccountRegistrationTest
18:13:36.699 [main] INFO  TestCases.TC_002_LoginTest - Starting TC_002_LoginTest
18:15:07.513 [main] INFO  TestCases.TC_001_AccountRegistrationTest - Starting TC_001_AccountRegistrationTest
18:15:07.627 [main] INFO  TestCases.TC_001_AccountRegistrationTest - clicked on myaccount link
18:15:08.446 [main] INFO  TestCases.TC_001_AccountRegistrationTest - clicked on register link
18:15:08.449 [main] INFO  TestCases.TC_001_AccountRegistrationTest - providing customer data
18:15:08.992 [main] INFO  TestCases.TC_001_AccountRegistrationTest - clicked on continue
18:15:10.183 [main] INFO  TestCases.TC_001_AccountRegistrationTest - validating expected message
18:15:10.186 [main] INFO  TestCases.TC_001_AccountRegistrationTest - finished TC_001_AccountRegistrationTest
18:15:14.935 [main] INFO  TestCases.TC_002_LoginTest - Starting TC_002_LoginTest
18:15:17.298 [main] INFO  TestCases.TC_002_LoginTest -  Finished TC_002_LoginTest
18:15:41.016 [main] INFO  TestCases.TC_001_AccountRegistrationTest - Starting TC_001_AccountRegistrationTest
18:15:41.153 [main] INFO  TestCases.TC_001_AccountRegistrationTest - clicked on myaccount link
18:15:42.327 [main] INFO  TestCases.TC_001_AccountRegistrationTest - clicked on register link
18:15:42.330 [main] INFO  TestCases.TC_001_AccountRegistrationTest - providing customer data
18:15:42.862 [main] INFO  TestCases.TC_001_AccountRegistrationTest - clicked on continue
18:15:43.948 [main] INFO  TestCases.TC_001_AccountRegistrationTest - validating expected message
18:15:43.950 [main] INFO  TestCases.TC_001_AccountRegistrationTest - finished TC_001_AccountRegistrationTest
18:15:49.043 [main] INFO  TestCases.TC_002_LoginTest - Starting TC_002_LoginTest
18:16:44.413 [main] INFO  TestCases.TC_002_LoginTest - Starting TC_002_LoginTest
18:16:47.664 [main] INFO  TestCases.TC_002_LoginTest -  Finished TC_002_LoginTest
19:25:22.054 [main] INFO  TestCases.TC_001_AccountRegistrationTest - Starting TC_001_AccountRegistrationTest
19:25:23.215 [main] INFO  TestCases.TC_001_AccountRegistrationTest - clicked on myaccount link
19:25:25.308 [main] INFO  TestCases.TC_001_AccountRegistrationTest - clicked on register link
19:25:25.313 [main] INFO  TestCases.TC_001_AccountRegistrationTest - providing customer data
19:25:27.885 [main] INFO  TestCases.TC_001_AccountRegistrationTest - clicked on continue
19:25:32.006 [main] INFO  TestCases.TC_001_AccountRegistrationTest - validating expected message
19:25:32.010 [main] INFO  TestCases.TC_001_AccountRegistrationTest - finished TC_001_AccountRegistrationTest
19:25:40.934 [main] INFO  TestCases.TC_002_LoginTest - Starting TC_002_LoginTest
19:25:44.420 [main] INFO  TestCases.TC_002_LoginTest -  Finished TC_002_LoginTest
07:54:09.936 [main] INFO  TestCases.TC_001_AccountRegistrationTest - Starting TC_001_AccountRegistrationTest
07:54:10.676 [main] INFO  TestCases.TC_001_AccountRegistrationTest - clicked on myaccount link
07:54:12.160 [main] INFO  TestCases.TC_001_AccountRegistrationTest - clicked on register link
07:54:12.172 [main] INFO  TestCases.TC_001_AccountRegistrationTest - providing customer data
07:54:12.884 [main] INFO  TestCases.TC_001_AccountRegistrationTest - clicked on continue
07:54:14.432 [main] INFO  TestCases.TC_001_AccountRegistrationTest - validating expected message
07:54:14.435 [main] INFO  TestCases.TC_001_AccountRegistrationTest - finished TC_001_AccountRegistrationTest
07:54:20.939 [main] INFO  TestCases.TC_002_LoginTest - Starting TC_002_LoginTest
07:54:23.038 [main] INFO  TestCases.TC_002_LoginTest -  Finished TC_002_LoginTest
08:29:26.624 [main] INFO  TestCases.TC_001_AccountRegistrationTest - Starting TC_001_AccountRegistrationTest
08:29:27.227 [main] INFO  TestCases.TC_001_AccountRegistrationTest - clicked on myaccount link
08:29:27.896 [main] INFO  TestCases.TC_001_AccountRegistrationTest - clicked on register link
08:29:27.898 [main] INFO  TestCases.TC_001_AccountRegistrationTest - providing customer data
08:29:28.492 [main] INFO  TestCases.TC_001_AccountRegistrationTest - clicked on continue
08:29:29.319 [main] INFO  TestCases.TC_001_AccountRegistrationTest - validating expected message
08:29:29.321 [main] INFO  TestCases.TC_001_AccountRegistrationTest - finished TC_001_AccountRegistrationTest
08:29:34.185 [main] INFO  TestCases.TC_002_LoginTest - Starting TC_002_LoginTest
08:29:36.036 [main] INFO  TestCases.TC_002_LoginTest -  Finished TC_002_LoginTest
